Arguments: 
  C:\Program Files\nodejs\node.exe C:\Program Files (x86)\Yarn\bin\yarn.js add -dev gulp

PATH: 
  C:\Program Files\Git\mingw64\bin;C:\Program Files\Git\usr\bin;C:\Users\wadhw\bin;C:\Users\wadhw\bin;C:\Program Files\Git\mingw64\bin;C:\Program Files\Git\usr\local\bin;C:\Program Files\Git\usr\bin;C:\Program Files\Git\usr\bin;C:\Program Files\Git\mingw64\bin;C:\Program Files\Git\usr\bin;C:\Users\wadhw\bin;C:\ProgramData\Oracle\Java\javapath;C:\Windows\system32;C:\Windows;C:\Windows\System32\Wbem;C:\Windows\System32\WindowsPowerShell\v1.0;C:\Program Files\Git\cmd;C:\Program Files\nodejs;C:\Program Files (x86)\Yarn\bin;C:\Users\wadhw\AppData\Local\Microsoft\WindowsApps;C:\Users\wadhw\AppData\Local\atom\bin;C:\Users\wadhw\AppData\Local\Microsoft\WindowsApps;C:\Users\wadhw\AppData\Roaming\npm;C:\Program Files\Microsoft VS Code\bin;C:\Users\wadhw\AppData\Local\Android\sdk\platform-tools;C:\Users\wadhw\AppData\Local\Yarn\bin;C:\Program Files\Git\usr\bin\vendor_perl;C:\Program Files\Git\usr\bin\core_perl

Yarn version: 
  0.27.5

Node version: 
  6.11.2

Platform: 
  win32 x64

npm manifest: 
  {
    "name": "karanw.com",
    "version": "1.0.0",
    "description": "Personal website.",
    "main": "index.js",
    "scripts": {
      "test": "echo \"Error: no test specified\" && exit 1"
    },
    "repository": {
      "type": "git",
      "url": "git+https://github.com/karanwadhwa/karanw.com.git"
    },
    "author": "Karan Wadhwa",
    "license": "MIT",
    "bugs": {
      "url": "https://github.com/karanwadhwa/karanw.com/issues"
    },
    "homepage": "https://github.com/karanwadhwa/karanw.com#readme",
  }

yarn manifest: 
  No manifest

Lockfile: 
  # THIS IS AN AUTOGENERATED FILE. DO NOT EDIT THIS FILE DIRECTLY.
  # yarn lockfile v1

Trace: 
  SyntaxError: D:\projects\karanw.com\package.json: Unexpected token } in JSON at position 484
      at Object.parse (native)
      at C:\Program Files (x86)\Yarn\lib\yarn-cli.js:747:57
      at next (native)
      at step (C:\Program Files (x86)\Yarn\lib\yarn-cli.js:91:30)
      at C:\Program Files (x86)\Yarn\lib\yarn-cli.js:102:13
